<?xml version="1.0" encoding="UTF-8"?>
<!-- Generated by org.testng.reporters.JUnitReportReporter -->
<testsuite hostname="DESKTOP-IAADVH5" failures="3" tests="3" name="Runner.TestRunner" time="1.565" errors="0" timestamp="2025-03-19T17:15:46 IST" skipped="0">
  <testcase classname="Runner.TestRunner" name="runScenario" time="0.555">
    <failure type="java.lang.AssertionError">
      <![CDATA[java.lang.AssertionError
at org.junit.Assert.fail(Assert.java:87)
at org.junit.Assert.assertTrue(Assert.java:42)
at org.junit.Assert.assertTrue(Assert.java:53)
at com.urbanladder.stepdefinitions.UrbanladderProductDetails.i_am_on_the_search_result_page(UrbanladderProductDetails.java:30)
at ✽.I am on the search result page(file:///D:/Selenium%20Projects/Urbanladder/src/test/resources/features/urbanladder.productdetails.feature:5)
]]>
    </failure>
  </testcase> <!-- runScenario -->
  <testcase classname="Runner.TestRunner" name="runScenario" time="0.679">
    <failure type="java.lang.AssertionError">
      <![CDATA[java.lang.AssertionError
at org.junit.Assert.fail(Assert.java:87)
at org.junit.Assert.assertTrue(Assert.java:42)
at org.junit.Assert.assertTrue(Assert.java:53)
at com.urbanladder.stepdefinitions.UrbanladderProductDetails.i_am_on_the_search_result_page(UrbanladderProductDetails.java:30)
at ✽.I am on the search result page(file:///D:/Selenium%20Projects/Urbanladder/src/test/resources/features/urbanladder.productdetails.feature:5)
]]>
    </failure>
  </testcase> <!-- runScenario -->
  <testcase classname="Runner.TestRunner" name="runScenario" time="0.331">
    <failure type="java.lang.AssertionError">
      <![CDATA[java.lang.AssertionError
at org.junit.Assert.fail(Assert.java:87)
at org.junit.Assert.assertTrue(Assert.java:42)
at org.junit.Assert.assertTrue(Assert.java:53)
at com.urbanladder.stepdefinitions.UrbanladderProductDetails.i_am_on_the_search_result_page(UrbanladderProductDetails.java:30)
at ✽.I am on the search result page(file:///D:/Selenium%20Projects/Urbanladder/src/test/resources/features/urbanladder.productdetails.feature:5)
]]>
    </failure>
  </testcase> <!-- runScenario -->
</testsuite> <!-- Runner.TestRunner -->
